Starting 'query' on pid 403835.
[2023-07-03 23:50:57 query]: SQL Translation:
---------------------------------------------
  SELECT *
     FROM graph_5 AS graph_5_c1
  PARAS: []
---------------------------------------------
Elapsed time: 1.38 seconds
Starting 'query' on pid 403844.
[2023-07-03 23:50:59 query]: SQL Translation:
---------------------------------------------
  SELECT *
     FROM graph_5 AS graph_5_c1
     INNER JOIN graph_5 AS graph_5_c2, graph_5 AS graph_5_c3
     ON graph_5_c1."node1" = graph_5_c2."node1"
        AND graph_5_c1."node1" = graph_5_c3."node1"
        AND graph_5_c1."label" = ?
        AND graph_5_c1."node1;label" = graph_5_c1."node1;label"
        AND graph_5_c2."label" = ?
        AND graph_5_c2."node2;label" = graph_5_c2."node2;label"
        AND graph_5_c3."label" = ?
        AND graph_5_c3."node2" = ?
        AND graph_5_c3."node2;label" = graph_5_c3."node2;label"
        AND (graph_5_c1."node2" = ?)
  PARAS: ['h4p7', 'h4r2', 'is_a', 'h4c1', 'Brasil']
---------------------------------------------
Elapsed time: 1.20 seconds
Starting 'query' on pid 403853.
[2023-07-03 23:51:00 query]: SQL Translation:
---------------------------------------------
  SELECT *
     FROM graph_4 AS graph_4_c1
     INNER JOIN graph_4 AS graph_4_c2
     ON graph_4_c1."node2" = graph_4_c2."node1"
        AND graph_4_c1."label" = ?
        AND graph_4_c1."node1;label" = graph_4_c1."node1;label"
        AND graph_4_c1."node2;label" = graph_4_c1."node2;label"
        AND graph_4_c2."label" = ?
        AND graph_4_c2."node2" = ?
        AND graph_4_c2."node2;label" = graph_4_c2."node2;label"
  PARAS: ['ckgr1', 'ckgr2', 'h4p7']
---------------------------------------------
Elapsed time: 1.13 seconds
Starting 'query' on pid 403862.
[2023-07-03 23:51:01 query]: SQL Translation:
---------------------------------------------
  SELECT *
     FROM graph_4 AS graph_4_c1
     INNER JOIN graph_4 AS graph_4_c2
     ON graph_4_c1."node2" = graph_4_c2."node1"
        AND graph_4_c1."label" = ?
        AND graph_4_c1."node1;label" = graph_4_c1."node1;label"
        AND graph_4_c1."node2;label" = graph_4_c1."node2;label"
        AND graph_4_c2."label" = ?
        AND graph_4_c2."node2" = ?
        AND graph_4_c2."node2;label" = graph_4_c2."node2;label"
  PARAS: ['ckgr1', 'ckgr2', 'h4r2']
---------------------------------------------
Elapsed time: 1.34 seconds
Starting 'query' on pid 403871.
[2023-07-03 23:51:02 query]: SQL Translation:
---------------------------------------------
  SELECT *
     FROM graph_4 AS graph_4_c1
     INNER JOIN graph_4 AS graph_4_c2
     ON graph_4_c1."node2" = graph_4_c2."node1"
        AND graph_4_c1."label" = ?
        AND graph_4_c1."node1;label" = graph_4_c1."node1;label"
        AND graph_4_c1."node2;label" = graph_4_c1."node2;label"
        AND graph_4_c2."label" = ?
        AND graph_4_c2."node2" = ?
        AND graph_4_c2."node2;label" = graph_4_c2."node2;label"
  PARAS: ['ckgr1', 'ckgr2', 'is_a']
---------------------------------------------
Elapsed time: 1.08 seconds
Starting 'query' on pid 403880.
[2023-07-03 23:51:03 query]: SQL Translation:
---------------------------------------------
  SELECT *
     FROM graph_4 AS graph_4_c1
     INNER JOIN graph_4 AS graph_4_c2
     ON graph_4_c1."node2" = graph_4_c2."node1"
        AND graph_4_c1."label" = ?
        AND graph_4_c1."node1;label" = graph_4_c1."node1;label"
        AND graph_4_c1."node2;label" = graph_4_c1."node2;label"
        AND graph_4_c2."label" = ?
        AND graph_4_c2."node2" = ?
        AND graph_4_c2."node2;label" = graph_4_c2."node2;label"
  PARAS: ['ckgr1', 'ckgr2', 'h4c1']
---------------------------------------------
Elapsed time: 1.34 seconds
Starting 'query' on pid 403889.
[2023-07-03 23:51:05 query]: SQL Translation:
---------------------------------------------
  SELECT *
     FROM graph_5 AS graph_5_c1
     INNER JOIN graph_5 AS graph_5_c2, graph_5 AS graph_5_c3, graph_5 AS graph_5_c4, graph_5 AS graph_5_c5, graph_5 AS graph_5_c6, graph_5 AS graph_5_c7
     ON graph_5_c1."node1" = graph_5_c2."node1"
        AND graph_5_c1."node1" = graph_5_c5."node1"
        AND graph_5_c1."node1" = graph_5_c6."node1"
        AND graph_5_c1."node1" = graph_5_c7."node1"
        AND graph_5_c1."node1;label" = graph_5_c2."node1;label"
        AND graph_5_c2."id" = graph_5_c3."node1"
        AND graph_5_c2."id" = graph_5_c4."node1"
        AND graph_5_c1."label" = ?
        AND graph_5_c1."node1;label" = graph_5_c1."node1;label"
        AND graph_5_c2."label" = ?
        AND graph_5_c2."node1;label" = graph_5_c1."node1;label"
        AND graph_5_c2."node2;label" = graph_5_c2."node2;label"
        AND graph_5_c3."label" = ?
        AND graph_5_c3."node2;label" = graph_5_c3."node2;label"
        AND graph_5_c4."label" = ?
        AND graph_5_c4."node2;label" = graph_5_c4."node2;label"
        AND graph_5_c5."label" = ?
        AND graph_5_c5."node2" = ?
        AND graph_5_c5."node2;label" = graph_5_c5."node2;label"
        AND graph_5_c6."label" = ?
        AND graph_5_c6."node2;label" = graph_5_c6."node2;label"
        AND graph_5_c7."label" = ?
        AND graph_5_c7."node2;label" = graph_5_c7."node2;label"
        AND (graph_5_c1."node2" = ?)
  PARAS: ['h4p7', 'h4r2', 'h4q3', 'h4q4', 'is_a', 'h4c1', 'h4r6', 'h4r1', 'Brasil']
---------------------------------------------
Elapsed time: 1.21 seconds
Starting 'query' on pid 403898.
[2023-07-03 23:51:07 query]: SQL Translation:
---------------------------------------------
  SELECT DISTINCT graph_5_c1."id", graph_5_c1."node1" "_aLias.node1", graph_5_c1."node1;label" "_aLias.node1;label", graph_5_c1."label", graph_5_c1."node2" "_aLias.node2", ? "_aLias.node2;label", graph_5_c2."id", graph_5_c1."node1" "_aLias.node1", graph_5_c1."node1;label" "_aLias.node1;label", graph_5_c2."label", graph_5_c2."node2" "_aLias.node2", graph_5_c2."node2;label" "_aLias.node2;label", graph_5_c3."id", graph_5_c1."node1", graph_5_c1."node1;label" "_aLias.node1;label", graph_5_c3."label", ? "_aLias.node2", graph_5_c3."node2;label" "_aLias.node2;label", coalesce(graph_5_c5."id", ?) "_aLias.id", graph_5_c2."id" "_aLias.node1", ? "_aLias.node1;label", coalesce(graph_5_c5."label", ?) "_aLias.label", coalesce(graph_5_c5."node2", ?) "_aLias.node2", coalesce(graph_5_c5."node2;label", ?) "_aLias.node2;label", coalesce(graph_5_c6."id", ?) "_aLias.id", graph_5_c2."id" "_aLias.node1", ? "_aLias.node1;label", coalesce(graph_5_c6."label", ?) "_aLias.label", coalesce(graph_5_c6."node2", ?) "_aLias.node2", coalesce(graph_5_c6."node2;label", ?) "_aLias.node2_label", coalesce(graph_5_c7."id", ?) "_aLias.id", graph_5_c1."node1", graph_5_c1."node1;label" "_aLias.node1;label", coalesce(graph_5_c7."label", ?) "_aLias.label", coalesce(graph_5_c7."node2", ?) "_aLias.node2", coalesce(graph_5_c7."node2;label", ?) "_aLias.node2;label", coalesce(graph_5_c8."id", ?) "_aLias.id", graph_5_c1."node1", graph_5_c1."node1;label" "_aLias.node1;label", coalesce(graph_5_c8."label", ?) "_aLias.label", coalesce(graph_5_c8."node2", ?) "_aLias.node2", coalesce(graph_5_c8."node2;label", ?) "_aLias.node2;label"
     FROM graph_5 AS graph_5_c1
     INNER JOIN graph_5 AS graph_5_c2, graph_5 AS graph_5_c3
     ON graph_5_c1."node1" = graph_5_c2."node1"
        AND graph_5_c1."node1" = graph_5_c3."node1"
        AND graph_5_c1."node1;label" = graph_5_c2."node1;label"
        AND graph_5_c1."label" = ?
        AND graph_5_c1."node1;label" = graph_5_c1."node1;label"
        AND graph_5_c2."label" = ?
        AND graph_5_c2."node1;label" = graph_5_c1."node1;label"
        AND graph_5_c2."node2;label" = graph_5_c2."node2;label"
        AND graph_5_c3."label" = ?
        AND graph_5_c3."node2" = ?
        AND graph_5_c3."node2;label" = graph_5_c3."node2;label"
        AND (graph_5_c1."node2" = ?)
     LEFT JOIN graph_5 AS graph_5_c5
     ON graph_5_c2."id" = graph_5_c5."node1"
        AND graph_5_c5."label" = ?
        AND graph_5_c5."node2;label" = graph_5_c5."node2;label"
     LEFT JOIN graph_5 AS graph_5_c6
     ON graph_5_c2."id" = graph_5_c6."node1"
        AND graph_5_c6."label" = ?
        AND graph_5_c6."node2;label" = graph_5_c6."node2;label"
     LEFT JOIN graph_5 AS graph_5_c7
     ON graph_5_c1."node1" = graph_5_c7."node1"
        AND graph_5_c7."label" = ?
        AND graph_5_c7."node2;label" = graph_5_c7."node2;label"
     LEFT JOIN graph_5 AS graph_5_c8
     ON graph_5_c1."node1" = graph_5_c8."node1"
        AND graph_5_c8."label" = ?
        AND graph_5_c8."node2;label" = graph_5_c8."node2;label"
  PARAS: ['', 'h4c1', 'unknown', '', 'h4q3', 'unknown', 'unknown', 'unknown', '', 'h4q4', 'unknown', 'unknown', 'unknown', 'h4r6', 'unknown', 'unknown', 'unknown', 'h4r1', 'unknown', 'unknown', 'h4p7', 'h4r2', 'is_a', 'h4c1', 'Brasil', 'h4q3', 'h4q4', 'h4r6', 'h4r1']
---------------------------------------------
Elapsed time: 2.18 seconds
Starting 'query' on pid 403944.
[2023-07-03 23:51:11 query]: SQL Translation:
---------------------------------------------
  SELECT max(coalesce(graph_5_c2."node2", ?)) "_aLias.max_date"
     FROM graph_5 AS graph_5_c1
     INNER JOIN graph_5 AS graph_5_c2
     ON graph_5_c1."id" = graph_5_c2."node1"
        AND graph_5_c1."label" = ?
        AND graph_5_c2."label" = ?
  PARAS: ['-1', 'h4r2', 'h4q4']
---------------------------------------------
max_date
^1964
Elapsed time: 1.20 seconds
Starting 'query' on pid 403953.
[2023-07-03 23:51:12 sqlstore]: IMPORT graph directly into table graph_6 from /app/kgtk/data/H4/CKG-H4-K6-possible-multi.tsv ...
[2023-07-03 23:51:12 sqlstore]: DROP graph data table graph_7
[2023-07-03 23:51:12 query]: SQL Translation:
---------------------------------------------
  SELECT ? "_aLias.id", graph_6_c1."id" "_aLias.node1", ? "_aLias.node1;label", ? "_aLias.label", ? "_aLias.node2", graph_5_c3."node2;label" "_aLias.node2;label", graph_5_c3."id" "_aLias.id", graph_5_c3."node1" "_aLias.node1", graph_5_c3."node1;label" "_aLias.node1;label", ? "_aLias.label", ? "_aLias.node2", graph_5_c3."node2;label" "_aLias.node2;label"
     FROM graph_5 AS graph_5_c3
     INNER JOIN graph_6 AS graph_6_c1, graph_6 AS graph_6_c2
     ON graph_6_c1."id" = graph_6_c2."node1"
        AND graph_5_c3."label" = ?
        AND graph_5_c3."label" = graph_5_c3."label"
        AND graph_5_c3."node1;label" = graph_5_c3."node1;label"
        AND graph_5_c3."node2" = ?
        AND graph_5_c3."node2;label" = graph_5_c3."node2;label"
        AND graph_6_c1."label" = ?
        AND graph_6_c2."label" = ?
        AND (graph_6_c2."node2" = ?)
     LIMIT ?
  PARAS: ['ckg:i1', '', 'ckgr4', 'ckgl1', 'ckgr3', 'ckgl1', 'ckgr3', 'ckgl1', 'h4r2', 'h4q4', '^1964', 1]
---------------------------------------------
[2023-07-03 23:51:12 sqlstore]: CREATE INDEX "graph_6_id_idx" ON "graph_6" ("id")
[2023-07-03 23:51:12 sqlstore]: ANALYZE "graph_6_id_idx"
[2023-07-03 23:51:12 sqlstore]: CREATE INDEX "graph_6_node1_idx" ON "graph_6" ("node1")
[2023-07-03 23:51:12 sqlstore]: ANALYZE "graph_6_node1_idx"
[2023-07-03 23:51:12 sqlstore]: CREATE INDEX "graph_6_label_idx" ON "graph_6" ("label")
[2023-07-03 23:51:12 sqlstore]: ANALYZE "graph_6_label_idx"
Elapsed time: 1.53 seconds
Starting 'query' on pid 404006.
[2023-07-03 23:51:16 query]: SQL Translation:
---------------------------------------------
  SELECT *
     FROM graph_5 AS graph_5_c1
     INNER JOIN graph_5 AS graph_5_c2, graph_5 AS graph_5_c3, graph_5 AS graph_5_c4, graph_5 AS graph_5_c5, graph_5 AS graph_5_c6, graph_5 AS graph_5_c7
     ON graph_5_c1."node1" = graph_5_c2."node1"
        AND graph_5_c1."node1;label" = graph_5_c2."node1;label"
        AND graph_5_c2."id" = graph_5_c3."node1"
        AND graph_5_c2."id" = graph_5_c4."node1"
        AND graph_5_c5."id" = graph_5_c6."node1"
        AND graph_5_c5."id" = graph_5_c7."node1"
        AND graph_5_c1."label" = ?
        AND graph_5_c1."node1;label" = graph_5_c1."node1;label"
        AND graph_5_c2."label" = ?
        AND graph_5_c2."node1;label" = graph_5_c1."node1;label"
        AND graph_5_c2."node2;label" = graph_5_c2."node2;label"
        AND graph_5_c3."label" = ?
        AND graph_5_c3."node2;label" = graph_5_c3."node2;label"
        AND graph_5_c4."label" = ?
        AND graph_5_c4."node2;label" = graph_5_c4."node2;label"
        AND graph_5_c5."label" = ?
        AND graph_5_c5."node1;label" = graph_5_c5."node1;label"
        AND graph_5_c5."node2;label" = graph_5_c5."node2;label"
        AND graph_5_c6."label" = ?
        AND graph_5_c6."node2;label" = graph_5_c6."node2;label"
        AND graph_5_c7."label" = ?
        AND graph_5_c7."node2;label" = graph_5_c7."node2;label"
        AND ((graph_5_c1."node2" = ?) AND ((graph_5_c1."node1" != graph_5_c5."node1") AND (graph_5_c7."node2" < graph_5_c4."node2")))
  PARAS: ['h4p7', 'h4r2', 'h4q3', 'h4q4', 'h4r2', 'h4q3', 'h4q4', 'Brasil']
---------------------------------------------
Elapsed time: 1.48 seconds
Starting 'query' on pid 404015.
[2023-07-03 23:51:18 query]: SQL Translation:
---------------------------------------------
  SELECT DISTINCT graph_5_c1."id", graph_5_c1."node1", graph_5_c1."node1;label" "_aLias.node1;label", graph_5_c1."label", graph_5_c1."node2" "_aLias.node2", ? "_aLias.node2;label", graph_5_c2."id", graph_5_c1."node1", graph_5_c1."node1;label" "_aLias.node1;label", graph_5_c2."label", graph_5_c2."node2" "_aLias.node2", graph_5_c2."node2;label" "_aLias.node2;label", coalesce(graph_5_c5."id", ?) "_aLias.id", graph_5_c2."id" "_aLias.node1", ? "_aLias.node1;label", coalesce(graph_5_c5."label", ?) "_aLias.label", coalesce(graph_5_c5."node2", ?) "_aLias.node2", coalesce(graph_5_c5."node2;label", ?) "_aLias.node2;label", coalesce(graph_5_c6."id", ?) "_aLias.id", graph_5_c2."id" "_aLias.node1", ? "_aLias.node1;label", coalesce(graph_5_c6."label", ?) "_aLias.label", coalesce(graph_5_c6."node2", ?) "_aLias.node2", coalesce(graph_5_c6."node2;label", ?) "_aLias.node2;label", graph_5_c3."id", graph_5_c3."node1", graph_5_c3."node1;label" "_aLias.node1;label", graph_5_c3."label", graph_5_c3."node2" "_aLias.node2", graph_5_c3."node2;label" "_aLias.node2;label", coalesce(graph_5_c7."id", ?) "_aLias.id", graph_5_c3."id" "_aLias.node1", ? "_aLias.node1;label", coalesce(graph_5_c7."label", ?) "_aLias.label", coalesce(graph_5_c7."node2", ?) "_aLias.node2", coalesce(graph_5_c7."node2;label", ?) "_aLias.node2;label", coalesce(graph_5_c8."id", ?) "_aLias.id", graph_5_c3."id" "_aLias.node1", ? "_aLias.node1;label", coalesce(graph_5_c8."label", ?) "_aLias.label", coalesce(graph_5_c8."node2", ?) "_aLias.node2", coalesce(graph_5_c8."node2;label", ?) "_aLias.node2;label"
     FROM graph_5 AS graph_5_c1, graph_5 AS graph_5_c3
     INNER JOIN graph_5 AS graph_5_c2
     ON graph_5_c1."node1" = graph_5_c2."node1"
        AND graph_5_c1."node1;label" = graph_5_c2."node1;label"
        AND graph_5_c1."label" = ?
        AND graph_5_c1."node1;label" = graph_5_c1."node1;label"
        AND graph_5_c2."label" = ?
        AND graph_5_c2."node1;label" = graph_5_c1."node1;label"
        AND graph_5_c2."node2;label" = graph_5_c2."node2;label"
        AND graph_5_c3."label" = ?
        AND graph_5_c3."node1;label" = graph_5_c3."node1;label"
        AND graph_5_c3."node2;label" = graph_5_c3."node2;label"
        AND ((graph_5_c1."node2" = ?) AND (graph_5_c1."node1" != graph_5_c3."node1"))
     LEFT JOIN graph_5 AS graph_5_c5
     ON graph_5_c2."id" = graph_5_c5."node1"
        AND graph_5_c5."label" = ?
        AND graph_5_c5."node2;label" = graph_5_c5."node2;label"
     LEFT JOIN graph_5 AS graph_5_c6
     ON graph_5_c2."id" = graph_5_c6."node1"
        AND graph_5_c6."label" = ?
        AND graph_5_c6."node2;label" = graph_5_c6."node2;label"
     LEFT JOIN graph_5 AS graph_5_c7
     ON graph_5_c3."id" = graph_5_c7."node1"
        AND graph_5_c7."label" = ?
        AND graph_5_c7."node2;label" = graph_5_c7."node2;label"
     LEFT JOIN graph_5 AS graph_5_c8
     ON graph_5_c3."id" = graph_5_c8."node1"
        AND graph_5_c8."label" = ?
        AND graph_5_c8."node2;label" = graph_5_c8."node2;label"
     WHERE (kgtk_null_to_empty(graph_5_c8."node2") < kgtk_null_to_empty(graph_5_c6."node2"))
  PARAS: ['', 'unknown', '', 'h4q3', 'unknown', 'unknown', 'unknown', '', 'h4q4', 'unknown', 'unknown', 'unknown', '', 'h4q3', 'unknown', 'unknown', 'unknown', '', 'h4q4', 'unknown', 'unknown', 'h4p7', 'h4r2', 'h4r2', 'Brasil', 'h4q3', 'h4q4', 'h4q3', 'h4q4']
---------------------------------------------
Elapsed time: 1.82 seconds
Starting 'query' on pid 404061.
[2023-07-03 23:51:22 sqlstore]: IMPORT graph directly into table graph_7 from /app/kgtk/data/H4/CKG-H4-K7-temp-possible-multi.tsv ...
[2023-07-03 23:51:22 query]: SQL Translation:
---------------------------------------------
  SELECT ? "_aLias.node1", graph_7_c2."node1" "_aLias.node2", graph_7_c1."node2", graph_7_c2."node2", pycall(?, graph_7_c1."node2") "_aLias.geo1", pycall(?, graph_7_c2."node2") "_aLias.geo2", pycall(?, "_aLias.geo1", "_aLias.geo2") "_aLias.hasIntersection"
     FROM graph_7 AS graph_7_c1, graph_7 AS graph_7_c2
     WHERE graph_7_c1."label" = ?
        AND graph_7_c1."node1" = ?
        AND graph_7_c2."label" = ?
        AND (graph_7_c2."node1" != ?)
  PARAS: ['h4v9', 'pg.Geometry', 'pg.Geometry', 'pg.intersects', 'h4r2', 'h4v9', 'h4r2', 'h4v9']
---------------------------------------------
[2023-07-03 23:51:22 sqlstore]: CREATE INDEX "graph_7_label_idx" ON "graph_7" ("label")
[2023-07-03 23:51:22 sqlstore]: ANALYZE "graph_7_label_idx"
[2023-07-03 23:51:22 sqlstore]: CREATE INDEX "graph_7_node1_idx" ON "graph_7" ("node1")
[2023-07-03 23:51:22 sqlstore]: ANALYZE "graph_7_node1_idx"
Elapsed time: 1.52 seconds
Starting 'query' on pid 404084.
[2023-07-03 23:51:23 query]: SQL Translation:
---------------------------------------------
  SELECT ? "_aLias.node1", graph_7_c2."node1" "_aLias.node2", pycall(?, graph_7_c1."node2", graph_7_c2."node2") "_aLias.hasIntersection"
     FROM graph_7 AS graph_7_c1, graph_7 AS graph_7_c2
     WHERE graph_7_c1."label" = ?
        AND graph_7_c1."node1" = ?
        AND graph_7_c2."label" = ?
        AND (graph_7_c2."node1" != ?)
  PARAS: ['h4v9', 'pg.intersection', 'h4r2', 'h4v9', 'h4r2', 'h4v9']
---------------------------------------------
Elapsed time: 1.41 seconds
Starting 'query' on pid 404093.
Traceback (most recent call last):
  File "/app/kgtk/miniconda3/lib/python3.9/site-packages/kgtk/cli/query.py", line 276, in run
    imports and exec('import ' + imports, sqlstore.__dict__)
  File "<string>", line 1
    import /app/kgtk/data/H4/geo_functions.py
           ^
SyntaxError: invalid syntax

During handling of the above exception, another exception occurred:

Traceback (most recent call last):
  File "/app/kgtk/miniconda3/lib/python3.9/site-packages/kgtk/exceptions.py", line 70, in __call__
    return_code = func(*args, **kwargs) or 0
  File "/app/kgtk/miniconda3/lib/python3.9/site-packages/kgtk/cli/query.py", line 328, in run
    raise KGTKException(str(e) + '\n')
kgtk.exceptions.KGTKException: invalid syntax (<string>, line 1)

invalid syntax (<string>, line 1)

Command exited with non-zero status 1
Elapsed time: 1.02 seconds
